Welcome to Xilinx CORE Generator.
Help system initialized.
The IP Catalog has been reloaded.
Wrote CGP file for project 'PC2118_FPGA'.
Customize and Generate
INFO:sim:172 - Generating IP...
Applying current project options...
Finished applying current project options.
Customizing IP...
Architecture Wizard completed successfully.
Finished Customizing.
Resolving generic values...
Finished resolving generic values.
INFO:sim:993 - The selected IP does not support an ASY schematic symbol.
INFO:sim:949 - Finished generation of ASY schematic symbol.
Generating FLIST file...
INFO:sim:948 - Finished FLIST file generation.
Moving files to output directory...
Finished moving files to output directory
Saved CGP file for project 'PC2118_FPGA'.